Connecting to database specified by database.yml
  [1m[36m (8.2ms)[0m  [1mSELECT "schema_migrations"."version" FROM "schema_migrations" [0m
Migrating to CreateMovies (20111119180638)
  [1m[35m (0.1ms)[0m  select sqlite_version(*)
  [1m[36m (0.2ms)[0m  [1mSELECT "schema_migrations"."version" FROM "schema_migrations" [0m
Connecting to database specified by database.yml
  [1m[36m (10.3ms)[0m  [1mSELECT "schema_migrations"."version" FROM "schema_migrations" [0m
  [1m[35m (0.3ms)[0m  select sqlite_version(*)
  [1m[36m (11.2ms)[0m  [1mCREATE TABLE "movies" ("id" INTEGER PRIMARY KEY AUTOINCREMENT NOT NULL, "title" varchar(255), "rating" varchar(255), "description" text, "release_date" datetime, "created_at" datetime, "updated_at" datetime) [0m
  [1m[35m (11.2ms)[0m  CREATE TABLE "schema_migrations" ("version" varchar(255) NOT NULL) 
  [1m[36m (11.7ms)[0m  [1mCREATE UNIQUE INDEX "unique_schema_migrations" ON "schema_migrations" ("version")[0m
  [1m[35m (0.1ms)[0m  SELECT version FROM "schema_migrations"
  [1m[36m (10.2ms)[0m  [1mINSERT INTO "schema_migrations" (version) VALUES ('20120130161449')[0m
  [1m[35m (7.6ms)[0m  INSERT INTO "schema_migrations" (version) VALUES ('20111119180638')
Connecting to database specified by database.yml
  [1m[36m (9.9ms)[0m  [1mSELECT "schema_migrations"."version" FROM "schema_migrations" [0m
  [1m[35m (0.4ms)[0m  select sqlite_version(*)
  [1m[36m (12.9ms)[0m  [1mCREATE TABLE "movies" ("id" INTEGER PRIMARY KEY AUTOINCREMENT NOT NULL, "title" varchar(255), "rating" varchar(255), "description" text, "release_date" datetime, "created_at" datetime, "updated_at" datetime) [0m
  [1m[35m (9.8ms)[0m  CREATE TABLE "schema_migrations" ("version" varchar(255) NOT NULL) 
  [1m[36m (12.4ms)[0m  [1mCREATE UNIQUE INDEX "unique_schema_migrations" ON "schema_migrations" ("version")[0m
  [1m[35m (0.2ms)[0m  SELECT version FROM "schema_migrations"
  [1m[36m (9.8ms)[0m  [1mINSERT INTO "schema_migrations" (version) VALUES ('20120130161449')[0m
  [1m[35m (10.7ms)[0m  INSERT INTO "schema_migrations" (version) VALUES ('20111119180638')
Connecting to database specified by database.yml
Connecting to database specified by database.yml
Connecting to database specified by database.yml
  [1m[36m (6.7ms)[0m  [1mSELECT "schema_migrations"."version" FROM "schema_migrations" [0m
Migrating to CreateMovies (20111119180638)
Migrating to AddMoreMovies (20160401155729)
  [1m[35m (0.0ms)[0m  select sqlite_version(*)
  [1m[36m (0.0ms)[0m  [1mbegin transaction[0m
  [1m[35m (0.4ms)[0m  INSERT INTO "schema_migrations" ("version") VALUES ('20160401155729')
  [1m[36m (14.4ms)[0m  [1mcommit transaction[0m
Migrating to AddDirectorField (20160401155818)
  [1m[35m (0.2ms)[0m  begin transaction
  [1m[36m (0.5ms)[0m  [1mALTER TABLE "movies" ADD "director" varchar(255)[0m
  [1m[35m (0.1ms)[0m  INSERT INTO "schema_migrations" ("version") VALUES ('20160401155818')
  [1m[36m (8.1ms)[0m  [1mcommit transaction[0m
  [1m[35m (0.2ms)[0m  SELECT "schema_migrations"."version" FROM "schema_migrations" 
Connecting to database specified by database.yml
  [1m[36m (12.7ms)[0m  [1mSELECT "schema_migrations"."version" FROM "schema_migrations" [0m
Migrating to CreateMovies (20111119180638)
Migrating to AddMoreMovies (20160401155729)
Migrating to AddDirectorField (20160401155818)
  [1m[35m (0.1ms)[0m  select sqlite_version(*)
  [1m[36m (0.2ms)[0m  [1mSELECT "schema_migrations"."version" FROM "schema_migrations" [0m
Connecting to database specified by database.yml
  [1m[36m (7.2ms)[0m  [1mSELECT "schema_migrations"."version" FROM "schema_migrations" [0m
  [1m[35m (0.5ms)[0m  select sqlite_version(*)
  [1m[36m (15.2ms)[0m  [1mCREATE TABLE "movies" ("id" INTEGER PRIMARY KEY AUTOINCREMENT NOT NULL, "title" varchar(255), "rating" varchar(255), "description" text, "release_date" datetime, "created_at" datetime, "updated_at" datetime, "director" varchar(255)) [0m
  [1m[35m (10.2ms)[0m  CREATE TABLE "schema_migrations" ("version" varchar(255) NOT NULL) 
  [1m[36m (11.8ms)[0m  [1mCREATE UNIQUE INDEX "unique_schema_migrations" ON "schema_migrations" ("version")[0m
  [1m[35m (0.1ms)[0m  SELECT version FROM "schema_migrations"
  [1m[36m (10.2ms)[0m  [1mINSERT INTO "schema_migrations" (version) VALUES ('20160401155818')[0m
  [1m[35m (10.1ms)[0m  INSERT INTO "schema_migrations" (version) VALUES ('20111119180638')
  [1m[36m (9.4ms)[0m  [1mINSERT INTO "schema_migrations" (version) VALUES ('20160401155729')[0m
